<!DOCTYPE html PUBLIC "-//W3C//DTD XHTML 1.1//EN" "http://www.w3.org/TR/xhtml11/DTD/xhtml11.dtd">
<html xmlns="http://www.w3.org/1999/xhtml"><head><title>TestNG Report</title><style type="text/css">table {margin-bottom:10px;border-collapse:collapse;empty-cells:show}th,td {border:1px solid #009;padding:.25em .5em}th {vertical-align:bottom}td {vertical-align:top}table a {font-weight:bold}.stripe td {background-color: #E6EBF9}.num {text-align:right}.passedodd td {background-color: #3F3}.passedeven td {background-color: #0A0}.skippedodd td {background-color: #DDD}.skippedeven td {background-color: #CCC}.failedodd td,.attn {background-color: #F33}.failedeven td,.stripe .attn {background-color: #D00}.stacktrace {white-space:pre;font-family:monospace}.totop {font-size:85%;text-align:center;border-bottom:2px solid #000}</style></head><body><table><tr><th>Test</th><th># Passed</th><th># Skipped</th><th># Failed</th><th>Time (ms)</th><th>Included Groups</th><th>Excluded Groups</th></tr><tr><th colspan="7">Suite</th></tr><tr><td><a href="#t0">Test</a></td><td class="num">3</td><td class="num attn">2</td><td class="num attn">4</td><td class="num">132,318</td><td></td><td></td></tr></table><table><thead><tr><th>Class</th><th>Method</th><th>Start</th><th>Time (ms)</th></tr></thead><tbody><tr><th colspan="4">Suite</th></tr></tbody><tbody id="t0"><tr><th colspan="4">Test &#8212; failed</th></tr><tr class="failedeven"><td rowspan="2">SeleniumAutomation.Automation.FactoryPatternTest</td><td><a href="#m0">launchTestAutomationGuruTest</a></td><td rowspan="1">1588763080187</td><td rowspan="1">20757</td></tr><tr class="failedeven"><td><a href="#m1">launchYahooTest</a></td><td rowspan="1">1588763107522</td><td rowspan="1">51041</td></tr><tr class="failedodd"><td rowspan="1">SeleniumAutomation.Automation.PageTest</td><td><a href="#m2">testLoginPage</a></td><td rowspan="1">1588763168944</td><td rowspan="1">47</td></tr><tr class="failedeven"><td rowspan="1">SeleniumAutomation.Automation.UserRegistrationTest</td><td><a href="#m3">launch</a></td><td rowspan="1">1588763180304</td><td rowspan="1">12</td></tr><tr><th colspan="4">Test &#8212; skipped</th></tr><tr class="skippedeven"><td rowspan="2">SeleniumAutomation.Automation.UserRegistrationTest</td><td><a href="#m4">enterUserInfoAndSubmit</a></td><td rowspan="1">1588763180325</td><td rowspan="1">0</td></tr><tr class="skippedeven"><td><a href="#m5">productSearch</a></td><td rowspan="1">1588763180326</td><td rowspan="1">0</td></tr><tr><th colspan="4">Test &#8212; passed</th></tr><tr class="passedeven"><td rowspan="1">SeleniumAutomation.Automation.FactoryPatternTest</td><td><a href="#m6">launchGoogleTest</a></td><td rowspan="1">1588763066034</td><td rowspan="1">7654</td></tr><tr class="passedodd"><td rowspan="1">SeleniumAutomation.Automation.NotificationTest</td><td><a href="#m7">test</a></td><td rowspan="1">1588763161161</td><td rowspan="1">4977</td></tr><tr class="passedeven"><td rowspan="1">SeleniumAutomation.Automation.PageTest</td><td><a href="#m8">testPage</a></td><td rowspan="1">1588763174371</td><td rowspan="1">3746</td></tr></tbody></table><h2>Test</h2><h3 id="m0">SeleniumAutomation.Automation.FactoryPatternTest#launchTestAutomationGuruTest</h3><table class="result"><tr><th>Exception</th></tr><tr><td><div class="stacktrace">java.lang.AssertionError: expected [Vinsguru] but found [TestAutomationGuru – A technical blog on test automation]
	at SeleniumAutomation.Automation.FactoryPatternTest.launchTestAutomationGuruTest(FactoryPatternTest.java:38)
... Removed 32 stack frames</div></td></tr></table><p class="totop"><a href="#summary">back to summary</a></p><h3 id="m1">SeleniumAutomation.Automation.FactoryPatternTest#launchYahooTest</h3><table class="result"><tr><th>Exception</th></tr><tr><td><div class="stacktrace">java.lang.AssertionError: expected [Yahoo India | News, Finance, Cricket, Lifestyle and Entertainment] but found [Yahoo]
	at SeleniumAutomation.Automation.FactoryPatternTest.launchYahooTest(FactoryPatternTest.java:50)
... Removed 32 stack frames</div></td></tr></table><p class="totop"><a href="#summary">back to summary</a></p><h3 id="m2">SeleniumAutomation.Automation.PageTest#testLoginPage</h3><table class="result"><tr><th>Exception</th></tr><tr><td><div class="stacktrace">org.openqa.selenium.NoSuchElementException: no such element: Unable to locate element: {&quot;method&quot;:&quot;name&quot;,&quot;selector&quot;:&quot;email&quot;}
  (Session info: chrome=81.0.4044.129)
  (Driver info: chromedriver=70.0.3538.16 (16ed95b41bb05e565b11fb66ac33c660b721f778),platform=Windows NT 10.0.18363 x86_64) (WARNING: The server did not provide any stacktrace information)
Command duration or timeout: 42 milliseconds
For documentation on this error, please visit: http://seleniumhq.org/exceptions/no_such_element.html
Build info: version: &apos;2.53.1&apos;, revision: &apos;a36b8b1cd5757287168e54b817830adce9b0158d&apos;, time: &apos;2016-06-30 19:26:09&apos;
System info: host: &apos;WS-8192&apos;, ip: &apos;10.236.138.64&apos;, os.name: &apos;Windows 10&apos;, os.arch: &apos;amd64&apos;, os.version: &apos;10.0&apos;, java.version: &apos;1.8.0_192&apos;
Driver info: org.openqa.selenium.chrome.ChromeDriver
Capabilities [{mobileEmulationEnabled=false, hasTouchScreen=false, platform=XP, acceptSslCerts=false, goog:chromeOptions={debuggerAddress=localhost:56644}, acceptInsecureCerts=false, webStorageEnabled=true, browserName=chrome, takesScreenshot=true, javascriptEnabled=true, setWindowRect=true, unexpectedAlertBehaviour=, applicationCacheEnabled=false, rotatable=false, networkConnectionEnabled=false, chrome={chromedriverVersion=70.0.3538.16 (16ed95b41bb05e565b11fb66ac33c660b721f778), userDataDir=C:\Users\sauk0719\AppData\Local\Temp\1\scoped_dir26940_8483}, takesHeapSnapshot=true, pageLoadStrategy=normal, databaseEnabled=false, handlesAlerts=true, version=81.0.4044.129, browserConnectionEnabled=false, nativeEvents=true, locationContextEnabled=true, cssSelectorsEnabled=true}]
Session ID: 12e28f5c9cd5f469362f436d52b1e7d6
*** Element info: {Using=name, value=email}
	at org.openqa.selenium.remote.ErrorHandler.createThrowable(ErrorHandler.java:206)
	at org.openqa.selenium.remote.ErrorHandler.throwIfResponseFailed(ErrorHandler.java:158)
	at org.openqa.selenium.remote.RemoteWebDriver.execute(RemoteWebDriver.java:678)
	at org.openqa.selenium.remote.RemoteWebDriver.findElement(RemoteWebDriver.java:363)
	at org.openqa.selenium.remote.RemoteWebDriver.findElementByName(RemoteWebDriver.java:461)
	at org.openqa.selenium.By$ByName.findElement(By.java:303)
	at org.openqa.selenium.remote.RemoteWebDriver.findElement(RemoteWebDriver.java:355)
	at org.openqa.selenium.support.pagefactory.DefaultElementLocator.findElement(DefaultElementLocator.java:69)
	at org.openqa.selenium.support.pagefactory.internal.LocatingElementHandler.invoke(LocatingElementHandler.java:38)
	at com.sun.proxy.$Proxy7.sendKeys(Unknown Source)
	at com.automation.PageObject.LoginPage.setUsername(LoginPage.java:28)
	at SeleniumAutomation.Automation.PageTest.testLoginPage(PageTest.java:43)
... Removed 31 stack frames</div></td></tr></table><p class="totop"><a href="#summary">back to summary</a></p><h3 id="m3">SeleniumAutomation.Automation.UserRegistrationTest#launch</h3><table class="result"><tr><th>Exception</th></tr><tr><td><div class="stacktrace">org.openqa.selenium.WebDriverException: unknown error: unhandled inspector error: {&quot;code&quot;:-32000,&quot;message&quot;:&quot;Cannot navigate to invalid URL&quot;}
  (Session info: chrome=81.0.4044.129)
  (Driver info: chromedriver=70.0.3538.16 (16ed95b41bb05e565b11fb66ac33c660b721f778),platform=Windows NT 10.0.18363 x86_64) (WARNING: The server did not provide any stacktrace information)
Command duration or timeout: 7 milliseconds
Build info: version: &apos;2.53.1&apos;, revision: &apos;a36b8b1cd5757287168e54b817830adce9b0158d&apos;, time: &apos;2016-06-30 19:26:09&apos;
System info: host: &apos;WS-8192&apos;, ip: &apos;10.236.138.64&apos;, os.name: &apos;Windows 10&apos;, os.arch: &apos;amd64&apos;, os.version: &apos;10.0&apos;, java.version: &apos;1.8.0_192&apos;
Driver info: org.openqa.selenium.chrome.ChromeDriver
Capabilities [{mobileEmulationEnabled=false, hasTouchScreen=false, platform=XP, acceptSslCerts=false, goog:chromeOptions={debuggerAddress=localhost:55904}, acceptInsecureCerts=false, webStorageEnabled=true, browserName=chrome, takesScreenshot=true, javascriptEnabled=true, setWindowRect=true, unexpectedAlertBehaviour=, applicationCacheEnabled=false, rotatable=false, networkConnectionEnabled=false, chrome={chromedriverVersion=70.0.3538.16 (16ed95b41bb05e565b11fb66ac33c660b721f778), userDataDir=C:\Users\sauk0719\AppData\Local\Temp\1\scoped_dir19936_4285}, takesHeapSnapshot=true, pageLoadStrategy=normal, databaseEnabled=false, handlesAlerts=true, version=81.0.4044.129, browserConnectionEnabled=false, nativeEvents=true, locationContextEnabled=true, cssSelectorsEnabled=true}]
Session ID: befffe586ca9016a40def2236c457b11
	at org.openqa.selenium.remote.ErrorHandler.createThrowable(ErrorHandler.java:206)
	at org.openqa.selenium.remote.ErrorHandler.throwIfResponseFailed(ErrorHandler.java:158)
	at org.openqa.selenium.remote.RemoteWebDriver.execute(RemoteWebDriver.java:678)
	at org.openqa.selenium.remote.RemoteWebDriver.get(RemoteWebDriver.java:316)
	at com.automation.PageObject.UserDetailsPage.launch(UserDetailsPage.java:49)
	at SeleniumAutomation.Automation.UserRegistrationTest.launch(UserRegistrationTest.java:29)
... Removed 31 stack frames</div></td></tr></table><p class="totop"><a href="#summary">back to summary</a></p><h3 id="m4">SeleniumAutomation.Automation.UserRegistrationTest#enterUserInfoAndSubmit</h3><table class="result"><tr><th>Exception</th></tr><tr><td><div class="stacktrace">java.lang.Throwable: Method UserRegistrationTest.enterUserInfoAndSubmit()[pri:0, instance:SeleniumAutomation.Automation.UserRegistrationTest@70a9f84e] depends on not successfully finished methods
... Removed 20 stack frames</div></td></tr></table><p class="totop"><a href="#summary">back to summary</a></p><h3 id="m5">SeleniumAutomation.Automation.UserRegistrationTest#productSearch</h3><table class="result"><tr><th>Exception</th></tr><tr><td><div class="stacktrace">java.lang.Throwable: Method UserRegistrationTest.productSearch()[pri:0, instance:SeleniumAutomation.Automation.UserRegistrationTest@70a9f84e] depends on not successfully finished methods
... Removed 20 stack frames</div></td></tr></table><p class="totop"><a href="#summary">back to summary</a></p><h3 id="m6">SeleniumAutomation.Automation.FactoryPatternTest#launchGoogleTest</h3><table class="result"></table><p class="totop"><a href="#summary">back to summary</a></p><h3 id="m7">SeleniumAutomation.Automation.NotificationTest#test</h3><table class="result"></table><p class="totop"><a href="#summary">back to summary</a></p><h3 id="m8">SeleniumAutomation.Automation.PageTest#testPage</h3><table class="result"></table><p class="totop"><a href="#summary">back to summary</a></p></body></html>